Using pre-set license
Built from '2022.3/release' branch; Version is '2022.3.20f1 (61c2feb0970d) revision 6406910'; Using compiler version '192829333'; Build Type 'Release'
OS: 'Windows 10  (10.0.19045) 64bit Core' Language: 'ru' Physical Memory: 16312 MB
BatchMode: 1, IsHumanControllingUs: 0, StartBugReporterOnCrash: 0, Is64bit: 1, IsPro: 1

COMMAND LINE ARGUMENTS:
D:\UnityEditor\2022.3.20f1\Editor\Unity.exe
-adb2
-batchMode
-noUpm
-name
AssetImportWorker0
-projectPath
C:/Ragu Legacy
-logFile
Logs/AssetImportWorker0.log
-srvPort
54273
Successfully changed project path to: C:/Ragu Legacy
C:/Ragu Legacy
[UnityMemory] Configuration Parameters - Can be set up in boot.config
    "memorysetup-bucket-allocator-granularity=16"
    "memorysetup-bucket-allocator-bucket-count=8"
    "memorysetup-bucket-allocator-block-size=33554432"
    "memorysetup-bucket-allocator-block-count=8"
    "memorysetup-main-allocator-block-size=16777216"
    "memorysetup-thread-allocator-block-size=16777216"
    "memorysetup-gfx-main-allocator-block-size=16777216"
    "memorysetup-gfx-thread-allocator-block-size=16777216"
    "memorysetup-cache-allocator-block-size=4194304"
    "memorysetup-typetree-allocator-block-size=2097152"
    "memorysetup-profiler-bucket-allocator-granularity=16"
    "memorysetup-profiler-bucket-allocator-bucket-count=8"
    "memorysetup-profiler-bucket-allocator-block-size=33554432"
    "memorysetup-profiler-bucket-allocator-block-count=8"
    "memorysetup-profiler-allocator-block-size=16777216"
    "memorysetup-profiler-editor-allocator-block-size=1048576"
    "memorysetup-temp-allocator-size-main=16777216"
    "memorysetup-job-temp-allocator-block-size=2097152"
    "memorysetup-job-temp-allocator-block-size-background=1048576"
    "memorysetup-job-temp-allocator-reduction-small-platforms=262144"
    "memorysetup-allocator-temp-initial-block-size-main=262144"
    "memorysetup-allocator-temp-initial-block-size-worker=262144"
    "memorysetup-temp-allocator-size-background-worker=32768"
    "memorysetup-temp-allocator-size-job-worker=262144"
    "memorysetup-temp-allocator-size-preload-manager=33554432"
    "memorysetup-temp-allocator-size-nav-mesh-worker=65536"
    "memorysetup-temp-allocator-size-audio-worker=65536"
    "memorysetup-temp-allocator-size-cloud-worker=32768"
    "memorysetup-temp-allocator-size-gi-baking-worker=262144"
    "memorysetup-temp-allocator-size-gfx=262144"
Player connection [4112] Host "[IP] 26.194.170.53 [Port] 0 [Flags] 2 [Guid] 329740605 [EditorId] 329740605 [Version] 1048832 [Id] WindowsEditor(7,DESKTOP-QDDH4IE) [Debug] 1 [PackageName] WindowsEditor [ProjectName] Editor" joined multi-casting on [225.0.0.222:54997]...

Player connection [4112] Host "[IP] 26.194.170.53 [Port] 0 [Flags] 2 [Guid] 329740605 [EditorId] 329740605 [Version] 1048832 [Id] WindowsEditor(7,DESKTOP-QDDH4IE) [Debug] 1 [PackageName] WindowsEditor [ProjectName] Editor" joined alternative multi-casting on [225.0.0.222:34997]...

[Physics::Module] Initialized MultithreadedJobDispatcher with 7 workers.
Refreshing native plugins compatible for Editor in 11.13 ms, found 4 plugins.
Preloading 0 native plugins for Editor in 0.00 ms.
Initialize engine version: 2022.3.20f1 (61c2feb0970d)
[Subsystems] Discovering subsystems at path D:/UnityEditor/2022.3.20f1/Editor/Data/Resources/UnitySubsystems
[Subsystems] Discovering subsystems at path C:/Ragu Legacy/Assets
GfxDevice: creating device client; threaded=0; jobified=0
Direct3D:
    Version:  Direct3D 11.0 [level 11.1]
    Renderer: NVIDIA GeForce RTX 2060 (ID=0x1f08)
    Vendor:   NVIDIA
    VRAM:     5955 MB
    Driver:   31.0.15.5152
Initialize mono
Mono path[0] = 'D:/UnityEditor/2022.3.20f1/Editor/Data/Managed'
Mono path[1] = 'D:/UnityEditor/2022.3.20f1/Editor/Data/MonoBleedingEdge/lib/mono/unityjit-win32'
Mono config path = 'D:/UnityEditor/2022.3.20f1/Editor/Data/MonoBleedingEdge/etc'
Using monoOptions --debugger-agent=transport=dt_socket,embedding=1,server=y,suspend=n,address=127.0.0.1:56876
Begin MonoManager ReloadAssembly
Registering precompiled unity dll's ...
Register platform support module: D:/UnityEditor/2022.3.20f1/Editor/Data/PlaybackEngines/WebGLSupport/UnityEditor.WebGL.Extensions.dll
Register platform support module: D:/UnityEditor/2022.3.20f1/Editor/Data/PlaybackEngines/WindowsStandaloneSupport/UnityEditor.WindowsStandalone.Extensions.dll
Registered in 0.007024 seconds.
- Loaded All Assemblies, in  0.547 seconds
Native extension for WindowsStandalone target not found
Native extension for WebGL target not found
Mono: successfully reloaded assembly
- Finished resetting the current domain, in  0.426 seconds
Domain Reload Profiling: 974ms
	BeginReloadAssembly (133ms)
		ExecutionOrderSort (0ms)
		DisableScriptedObjects (0ms)
		BackupInstance (0ms)
		ReleaseScriptingObjects (0ms)
		CreateAndSetChildDomain (1ms)
	RebuildCommonClasses (53ms)
	RebuildNativeTypeToScriptingClass (17ms)
	initialDomainReloadingComplete (84ms)
	LoadAllAssembliesAndSetupDomain (259ms)
		LoadAssemblies (134ms)
		RebuildTransferFunctionScriptingTraits (0ms)
		AnalyzeDomain (254ms)
			TypeCache.Refresh (253ms)
				TypeCache.ScanAssembly (233ms)
			ScanForSourceGeneratedMonoScriptInfo (0ms)
			ResolveRequiredComponents (1ms)
	FinalizeReload (427ms)
		ReleaseScriptCaches (0ms)
		RebuildScriptCaches (0ms)
		SetupLoadedEditorAssemblies (340ms)
			LogAssemblyErrors (0ms)
			InitializePlatformSupportModulesInManaged (12ms)
			SetLoadedEditorAssemblies (6ms)
			RefreshPlugins (0ms)
			BeforeProcessingInitializeOnLoad (3ms)
			ProcessInitializeOnLoadAttributes (242ms)
			ProcessInitializeOnLoadMethodAttributes (77ms)
			AfterProcessingInitializeOnLoad (0ms)
			EditorAssembliesLoaded (0ms)
		ExecutionOrderSort2 (0ms)
		AwakeInstancesAfterBackupRestoration (0ms)
========================================================================
Worker process is ready to serve import requests
Begin MonoManager ReloadAssembly
- Loaded All Assemblies, in  0.800 seconds
Refreshing native plugins compatible for Editor in 3.33 ms, found 4 plugins.
Native extension for WindowsStandalone target not found
Native extension for WebGL target not found
Package Manager log level set to [2]
[Package Manager] Server::EnsureServerProcessIsRunning -- launch failed, reason: Unity was launched with the -noUpm command-line argument
[Package Manager] UpmClient::Send -- Unable to send message (not connected to UPM process).
[Package Manager] Cannot connect to Unity Package Manager local server
Mono: successfully reloaded assembly
- Finished resetting the current domain, in  0.994 seconds
Domain Reload Profiling: 1793ms
	BeginReloadAssembly (192ms)
		ExecutionOrderSort (0ms)
		DisableScriptedObjects (10ms)
		BackupInstance (0ms)
		ReleaseScriptingObjects (0ms)
		CreateAndSetChildDomain (27ms)
	RebuildCommonClasses (51ms)
	RebuildNativeTypeToScriptingClass (16ms)
	initialDomainReloadingComplete (50ms)
	LoadAllAssembliesAndSetupDomain (489ms)
		LoadAssemblies (367ms)
		RebuildTransferFunctionScriptingTraits (0ms)
		AnalyzeDomain (229ms)
			TypeCache.Refresh (193ms)
				TypeCache.ScanAssembly (176ms)
			ScanForSourceGeneratedMonoScriptInfo (29ms)
			ResolveRequiredComponents (6ms)
	FinalizeReload (995ms)
		ReleaseScriptCaches (0ms)
		RebuildScriptCaches (0ms)
		SetupLoadedEditorAssemblies (762ms)
			LogAssemblyErrors (0ms)
			InitializePlatformSupportModulesInManaged (7ms)
			SetLoadedEditorAssemblies (5ms)
			RefreshPlugins (0ms)
			BeforeProcessingInitializeOnLoad (81ms)
			ProcessInitializeOnLoadAttributes (593ms)
			ProcessInitializeOnLoadMethodAttributes (72ms)
			AfterProcessingInitializeOnLoad (5ms)
			EditorAssembliesLoaded (0ms)
		ExecutionOrderSort2 (0ms)
		AwakeInstancesAfterBackupRestoration (12ms)
Launched and connected shader compiler UnityShaderCompiler.exe after 0.17 seconds
Refreshing native plugins compatible for Editor in 5.04 ms, found 4 plugins.
Preloading 0 native plugins for Editor in 0.00 ms.
Unloading 4053 Unused Serialized files (Serialized files now loaded: 0)
Unloading 68 unused Assets / (171.7 KB). Loaded Objects now: 4512.
Memory consumption went from 144.7 MB to 144.5 MB.
Total: 4.704500 ms (FindLiveObjects: 0.780200 ms CreateObjectMapping: 0.425400 ms MarkObjects: 3.256000 ms  DeleteObjects: 0.241600 ms)

AssetImportParameters requested are different than current active one (requested -> active):
  custom:container-demuxer-ogg: 62fdf1f143b41e24485cea50d1cbac27 -> 
  custom:video-decoder-ogg-theora: a1e56fd34408186e4bbccfd4996cb3dc -> 
  custom:framework-win-MediaFoundation: 216162199b28c13a410421893ffa2e32 -> 
  custom:CustomObjectIndexerAttribute: 6d391050e5a25f67b0a2c618074f2cd9 -> 
  custom:container-demuxer-webm: 4f35f7cbe854078d1ac9338744f61a02 -> 
  custom:container-muxer-webm: aa71ff27fc2769a1b78a27578f13a17b -> 
  custom:video-decoder-webm-vp8: 9c59270c3fd7afecdb556c50c9e8de78 -> 
  custom:SearchIndexIgnoredProperties: e643bd26f0fe6173181afceb89e7c659 -> 
  custom:AudioImporter_EditorPlatform: d09bf68614088b80899f8185d706f6e7 -> 
  custom:video-encoder-webm-vp8: eb34c28f22e8b96e1ab97ce403110664 -> 
  custom:audio-decoder-ogg-vorbis: bf7c407c2cedff20999df2af8eb42d56 -> 
  custom:audio-encoder-webm-vorbis: bf7c407c2cedff20999df2af8eb42d56 -> 
========================================================================
Received Import Request.
  Time since last request: 1777.552574 seconds.
  path: Assets/Sprites/TexKLETKI1.png
  artifactKey: Guid(6082201b2e291b04b89219873305c876) Importer(815301076,1909f56bfc062723c751e8b465ee728b)
Start importing Assets/Sprites/TexKLETKI1.png using Guid(6082201b2e291b04b89219873305c876) Importer(815301076,1909f56bfc062723c751e8b465ee728b)  -> (artifact id: 'd5d4262c3867406a69a30e2957d1496d') in 0.134902 seconds
Number of updated asset objects reloaded before import = 0
Number of asset objects unloaded after import = 3
========================================================================
Received Import Request.
  Time since last request: 51.790477 seconds.
  path: Assets/Sprites/Scavengers_SpriteSheet.png
  artifactKey: Guid(fbe1e7b94bb1a4a099d5bcb15a00141c) Importer(815301076,1909f56bfc062723c751e8b465ee728b)
Start importing Assets/Sprites/Scavengers_SpriteSheet.png using Guid(fbe1e7b94bb1a4a099d5bcb15a00141c) Importer(815301076,1909f56bfc062723c751e8b465ee728b)  -> (artifact id: '1dd783ad3a8e5f89a8c6207d27f22741') in 0.123967 seconds
Number of updated asset objects reloaded before import = 0
Number of asset objects unloaded after import = 58
========================================================================
Received Import Request.
  Time since last request: 32.383505 seconds.
  path: Assets/Sprites/TexKLETKI1.png
  artifactKey: Guid(6082201b2e291b04b89219873305c876) Importer(815301076,1909f56bfc062723c751e8b465ee728b)
Start importing Assets/Sprites/TexKLETKI1.png using Guid(6082201b2e291b04b89219873305c876) Importer(815301076,1909f56bfc062723c751e8b465ee728b)  -> (artifact id: '1c5612b5208454933401fa78813ad069') in 0.012113 seconds
Number of updated asset objects reloaded before import = 0
Number of asset objects unloaded after import = 3
========================================================================
Received Import Request.
  Time since last request: 89.408293 seconds.
  path: Assets/Sprites/TexKLETKI1 (1).png
  artifactKey: Guid(803782923ff485445bfd14e0f1c9256d) Importer(815301076,1909f56bfc062723c751e8b465ee728b)
Start importing Assets/Sprites/TexKLETKI1 (1).png using Guid(803782923ff485445bfd14e0f1c9256d) Importer(815301076,1909f56bfc062723c751e8b465ee728b)  -> (artifact id: 'd1c5dbaa2de18fb53d6be9a69c8f3b06') in 0.009683 seconds
Number of updated asset objects reloaded before import = 0
Number of asset objects unloaded after import = 3
========================================================================
Received Import Request.
  Time since last request: 130.194788 seconds.
  path: Assets/Sprites/TexKLETKI1 (1).png
  artifactKey: Guid(803782923ff485445bfd14e0f1c9256d) Importer(815301076,1909f56bfc062723c751e8b465ee728b)
Start importing Assets/Sprites/TexKLETKI1 (1).png using Guid(803782923ff485445bfd14e0f1c9256d) Importer(815301076,1909f56bfc062723c751e8b465ee728b)  -> (artifact id: '77236d28cf054badc06c51f078210782') in 0.010810 seconds
Number of updated asset objects reloaded before import = 0
Number of asset objects unloaded after import = 3
========================================================================
Received Import Request.
  Time since last request: 38.860806 seconds.
  path: Assets/Sprites/TexKLETKI1 (1) 1.png
  artifactKey: Guid(74cc2c8e6e858c94fb92f3261b19c3b8) Importer(815301076,1909f56bfc062723c751e8b465ee728b)
Start importing Assets/Sprites/TexKLETKI1 (1) 1.png using Guid(74cc2c8e6e858c94fb92f3261b19c3b8) Importer(815301076,1909f56bfc062723c751e8b465ee728b)  -> (artifact id: '8df179b83b6256029a24766b267858e4') in 0.009947 seconds
Number of updated asset objects reloaded before import = 0
Number of asset objects unloaded after import = 3
========================================================================
Received Import Request.
  Time since last request: 22.011026 seconds.
  path: Assets/Sprites/TexKLETKI1 (1) 1.png
  artifactKey: Guid(74cc2c8e6e858c94fb92f3261b19c3b8) Importer(815301076,1909f56bfc062723c751e8b465ee728b)
Start importing Assets/Sprites/TexKLETKI1 (1) 1.png using Guid(74cc2c8e6e858c94fb92f3261b19c3b8) Importer(815301076,1909f56bfc062723c751e8b465ee728b)  -> (artifact id: 'edcd369bac398cb2bd8a7931e08a8ec9') in 0.009063 seconds
Number of updated asset objects reloaded before import = 0
Number of asset objects unloaded after import = 3
========================================================================
Received Import Request.
  Time since last request: 21.932122 seconds.
  path: Assets/Sprites/TexKLETKI1 (1) 1.png
  artifactKey: Guid(74cc2c8e6e858c94fb92f3261b19c3b8) Importer(815301076,1909f56bfc062723c751e8b465ee728b)
Start importing Assets/Sprites/TexKLETKI1 (1) 1.png using Guid(74cc2c8e6e858c94fb92f3261b19c3b8) Importer(815301076,1909f56bfc062723c751e8b465ee728b)  -> (artifact id: 'e79c9f7efd332016ffabfb1f7c4f0b6b') in 0.008822 seconds
Number of updated asset objects reloaded before import = 0
Number of asset objects unloaded after import = 3
========================================================================
Received Import Request.
  Time since last request: 19.044002 seconds.
  path: Assets/Sprites/TexKLETKI1 (1) 1.png
  artifactKey: Guid(74cc2c8e6e858c94fb92f3261b19c3b8) Importer(815301076,1909f56bfc062723c751e8b465ee728b)
Start importing Assets/Sprites/TexKLETKI1 (1) 1.png using Guid(74cc2c8e6e858c94fb92f3261b19c3b8) Importer(815301076,1909f56bfc062723c751e8b465ee728b)  -> (artifact id: '5644ee5ffa709fbb4b8d4937567f229f') in 0.011899 seconds
Number of updated asset objects reloaded before import = 0
Number of asset objects unloaded after import = 3
========================================================================
Received Import Request.
  Time since last request: 14.642809 seconds.
  path: Assets/Sprites/TexKLETKI1 (1) 1.png
  artifactKey: Guid(74cc2c8e6e858c94fb92f3261b19c3b8) Importer(815301076,1909f56bfc062723c751e8b465ee728b)
Start importing Assets/Sprites/TexKLETKI1 (1) 1.png using Guid(74cc2c8e6e858c94fb92f3261b19c3b8) Importer(815301076,1909f56bfc062723c751e8b465ee728b)  -> (artifact id: 'a3e05e82e3f650fe37b448ecd67ba613') in 0.009995 seconds
Number of updated asset objects reloaded before import = 0
Number of asset objects unloaded after import = 3
========================================================================
Received Import Request.
  Time since last request: 8.582771 seconds.
  path: Assets/Sprites/TexKLETKI1 (1) 1.png
  artifactKey: Guid(74cc2c8e6e858c94fb92f3261b19c3b8) Importer(815301076,1909f56bfc062723c751e8b465ee728b)
Start importing Assets/Sprites/TexKLETKI1 (1) 1.png using Guid(74cc2c8e6e858c94fb92f3261b19c3b8) Importer(815301076,1909f56bfc062723c751e8b465ee728b)  -> (artifact id: 'f9698579b61d8a5714c20c92efb4e8ce') in 0.007898 seconds
Number of updated asset objects reloaded before import = 0
Number of asset objects unloaded after import = 2
========================================================================
Received Import Request.
  Time since last request: 34.041657 seconds.
  path: Assets/Sprites/TexKLETKI1 (1) 1.png
  artifactKey: Guid(74cc2c8e6e858c94fb92f3261b19c3b8) Importer(815301076,1909f56bfc062723c751e8b465ee728b)
Start importing Assets/Sprites/TexKLETKI1 (1) 1.png using Guid(74cc2c8e6e858c94fb92f3261b19c3b8) Importer(815301076,1909f56bfc062723c751e8b465ee728b)  -> (artifact id: '80f78db86eebd6a974b8194f5d7356ea') in 0.007633 seconds
Number of updated asset objects reloaded before import = 0
Number of asset objects unloaded after import = 2
========================================================================
Received Import Request.
  Time since last request: 52.638245 seconds.
  path: Assets/Sprites/TexKLETKI1 (1) 1.png
  artifactKey: Guid(74cc2c8e6e858c94fb92f3261b19c3b8) Importer(815301076,1909f56bfc062723c751e8b465ee728b)
Start importing Assets/Sprites/TexKLETKI1 (1) 1.png using Guid(74cc2c8e6e858c94fb92f3261b19c3b8) Importer(815301076,1909f56bfc062723c751e8b465ee728b)  -> (artifact id: '274ef1e85be17200776c0ae0430cdcf8') in 0.007373 seconds
Number of updated asset objects reloaded before import = 0
Number of asset objects unloaded after import = 2
========================================================================
Received Import Request.
  Time since last request: 11.564023 seconds.
  path: Assets/_Complete-Game/Prefabs/Exit.prefab
  artifactKey: Guid(cb0f3020bafec423aa31d0e491c4b811) Importer(815301076,1909f56bfc062723c751e8b465ee728b)
Start importing Assets/_Complete-Game/Prefabs/Exit.prefab using Guid(cb0f3020bafec423aa31d0e491c4b811) Importer(815301076,1909f56bfc062723c751e8b465ee728b)  -> (artifact id: 'f24059e0f3391f4f7717119ae85d6e8f') in 0.033251 seconds
Number of updated asset objects reloaded before import = 0
Number of asset objects unloaded after import = 8
========================================================================
Received Import Request.
  Time since last request: 110.317477 seconds.
  path: Assets/Sprites/TexKLETKI1 (1) 1.png
  artifactKey: Guid(74cc2c8e6e858c94fb92f3261b19c3b8) Importer(815301076,1909f56bfc062723c751e8b465ee728b)
Start importing Assets/Sprites/TexKLETKI1 (1) 1.png using Guid(74cc2c8e6e858c94fb92f3261b19c3b8) Importer(815301076,1909f56bfc062723c751e8b465ee728b)  -> (artifact id: '26fa6ec66df5aff64962860f2bc0a6df') in 0.115933 seconds
Number of updated asset objects reloaded before import = 0
Number of asset objects unloaded after import = 52
